0 info it worked if it ends with ok
1 verbose cli [ 'B:\\ProgramFiles\\nodejs\\node.exe',
1 verbose cli   'B:\\ProgramFiles\\nodejs\\node_modules\\npm\\bin\\npm-cli.js',
1 verbose cli   'install',
1 verbose cli   'instagram-api' ]
2 info using npm@3.10.10
3 info using node@v6.11.2
4 silly loadCurrentTree Starting
5 silly install loadCurrentTree
6 silly install readLocalPackageData
7 silly rollbackFailedOptional Starting
8 silly rollbackFailedOptional Finishing
9 silly runTopLevelLifecycles Finishing
10 silly install printInstalled
11 verbose stack Error: Failed to parse json
11 verbose stack No data, empty input at 1:1
11 verbose stack
11 verbose stack ^
11 verbose stack     at parseError (B:\ProgramFiles\nodejs\node_modules\npm\node_modules\read-package-json\read-json.js:390:11)
11 verbose stack     at parseJson (B:\ProgramFiles\nodejs\node_modules\npm\node_modules\read-package-json\read-json.js:79:23)
11 verbose stack     at B:\ProgramFiles\nodejs\node_modules\npm\node_modules\read-package-json\read-json.js:48:5
11 verbose stack     at B:\ProgramFiles\nodejs\node_modules\npm\node_modules\graceful-fs\graceful-fs.js:78:16
11 verbose stack     at tryToString (fs.js:456:3)
11 verbose stack     at FSReqWrap.readFileAfterClose [as oncomplete] (fs.js:443:12)
12 verbose cwd D:\System\MarkSMM
13 error Windows_NT 10.0.14393
14 error argv "B:\\ProgramFiles\\nodejs\\node.exe" "B:\\ProgramFiles\\nodejs\\node_modules\\npm\\bin\\npm-cli.js" "install" "instagram-api"
15 error node v6.11.2
16 error npm  v3.10.10
17 error file D:\System\MarkSMM\package.json
18 error code EJSONPARSE
19 error Failed to parse json
19 error No data, empty input at 1:1
19 error
19 error ^
20 error File: D:\System\MarkSMM\package.json
21 error Failed to parse package.json data.
21 error package.json must be actual JSON, not just JavaScript.
21 error
21 error This is not a bug in npm.
21 error Tell the package author to fix their package.json file. JSON.parse
22 verbose exit [ 1, true ]
